2025-06-26 15:43:46,447 - experiment_logger - INFO - Framework: react, Task: code_001, Run: 1, Success: True, Score: 90.0, Time: 16.37s, Tokens: 2987
2025-06-26 15:44:04,459 - experiment_logger - INFO - Framework: react, Task: code_001, Run: 2, Success: True, Score: 80.0, Time: 10.37s, Tokens: 1952
2025-06-26 15:44:23,575 - experiment_logger - INFO - Framework: react, Task: code_001, Run: 3, Success: True, Score: 90.0, Time: 9.10s, Tokens: 2159
2025-06-26 15:45:32,748 - experiment_logger - INFO - Framework: cot, Task: code_001, Run: 1, Success: True, Score: 90.0, Time: 9.70s, Tokens: 2065
2025-06-26 15:45:53,744 - experiment_logger - INFO - Framework: cot, Task: code_001, Run: 2, Success: True, Score: 90.0, Time: 10.44s, Tokens: 2468
2025-06-26 15:46:20,118 - experiment_logger - INFO - Framework: cot, Task: code_001, Run: 3, Success: True, Score: 90.0, Time: 16.37s, Tokens: 2911
2025-06-26 15:47:22,591 - experiment_logger - INFO - Framework: tot, Task: code_001, Run: 1, Success: True, Score: 95.0, Time: 7.32s, Tokens: 1611
2025-06-26 15:47:37,136 - experiment_logger - INFO - Framework: tot, Task: code_001, Run: 2, Success: True, Score: 90.0, Time: 7.04s, Tokens: 1533
2025-06-26 15:47:51,752 - experiment_logger - INFO - Framework: tot, Task: code_001, Run: 3, Success: True, Score: 90.0, Time: 4.04s, Tokens: 1447
2025-06-26 15:48:09,921 - experiment_logger - INFO - Framework: react, Task: itin_001, Run: 1, Success: True, Score: 93.0, Time: 18.16s, Tokens: 2711
2025-06-26 15:48:37,551 - experiment_logger - INFO - Framework: react, Task: itin_001, Run: 2, Success: True, Score: 93.0, Time: 17.54s, Tokens: 3146
2025-06-26 15:49:00,625 - experiment_logger - INFO - Framework: react, Task: itin_001, Run: 3, Success: True, Score: 93.0, Time: 13.02s, Tokens: 2490
2025-06-26 15:50:16,166 - experiment_logger - INFO - Framework: cot, Task: itin_001, Run: 1, Success: True, Score: 93.0, Time: 20.10s, Tokens: 3236
2025-06-26 15:50:44,699 - experiment_logger - INFO - Framework: cot, Task: itin_001, Run: 2, Success: True, Score: 93.0, Time: 20.75s, Tokens: 3286
2025-06-26 15:51:15,684 - experiment_logger - INFO - Framework: cot, Task: itin_001, Run: 3, Success: True, Score: 93.0, Time: 23.38s, Tokens: 3613
2025-06-26 15:52:26,392 - experiment_logger - INFO - Framework: tot, Task: itin_001, Run: 1, Success: True, Score: 83.0, Time: 15.34s, Tokens: 2659
2025-06-26 15:52:50,811 - experiment_logger - INFO - Framework: tot, Task: itin_001, Run: 2, Success: True, Score: 93.0, Time: 14.36s, Tokens: 2545
2025-06-26 15:53:13,826 - experiment_logger - INFO - Framework: tot, Task: itin_001, Run: 3, Success: True, Score: 90.0, Time: 14.85s, Tokens: 2477
2025-06-26 15:53:15,336 - experiment_logger - INFO - Framework: react, Task: proc_001, Run: 1, Success: True, Score: 5.0, Time: 1.51s, Tokens: 449
2025-06-26 15:53:15,336 - experiment_logger - WARNING - Validation issues: ['Missing clear numbered step structure', 'Missing clear sequential flow indicators', 'Missing verification and validation steps', 'Missing rollback/recovery plan', 'Response too brief for a complete deployment procedure']
2025-06-26 15:53:33,379 - experiment_logger - INFO - Framework: react, Task: proc_001, Run: 2, Success: True, Score: 88.0, Time: 10.51s, Tokens: 2042
2025-06-26 15:53:44,887 - experiment_logger - INFO - Framework: react, Task: proc_001, Run: 3, Success: True, Score: 1.5, Time: 1.51s, Tokens: 416
2025-06-26 15:53:44,887 - experiment_logger - WARNING - Validation issues: ['Missing clear numbered step structure', 'Missing clear sequential flow indicators', 'Missing verification and validation steps', 'Missing rollback/recovery plan', 'Missing team notification step', 'Response too brief for a complete deployment procedure']
2025-06-26 15:54:55,753 - experiment_logger - INFO - Framework: cot, Task: proc_001, Run: 1, Success: True, Score: 83.0, Time: 15.68s, Tokens: 3261
2025-06-26 15:55:19,481 - experiment_logger - INFO - Framework: cot, Task: proc_001, Run: 2, Success: True, Score: 83.0, Time: 13.72s, Tokens: 2815
2025-06-26 15:55:45,026 - experiment_logger - INFO - Framework: cot, Task: proc_001, Run: 3, Success: True, Score: 83.0, Time: 15.54s, Tokens: 2856
2025-06-26 15:56:48,882 - experiment_logger - INFO - Framework: tot, Task: proc_001, Run: 1, Success: True, Score: 80.0, Time: 8.67s, Tokens: 2127
2025-06-26 15:57:10,581 - experiment_logger - INFO - Framework: tot, Task: proc_001, Run: 2, Success: True, Score: 83.0, Time: 11.66s, Tokens: 2222
2025-06-26 15:57:33,055 - experiment_logger - INFO - Framework: tot, Task: proc_001, Run: 3, Success: True, Score: 90.0, Time: 12.47s, Tokens: 2929
2025-06-26 15:57:33,061 - experiment_logger - INFO - Results saved to results/experiment_results.json
2025-06-26 15:57:33,071 - experiment_logger - INFO - CSV summary saved to results/experiment_summary.csv
